03/04/2024 01:31:08 /index.html.GET took 137ms. User: unknown
03/04/2024 01:31:08 /js/login.js.GET took 2ms. User: unknown
03/04/2024 01:31:11 /api/login.POST took 233ms. User: unknown
03/04/2024 01:31:11 /html/home.html.GET took 0ms. User: unknown
03/04/2024 01:31:11 /css/site.css.GET took 0ms. User: unknown
03/04/2024 01:31:11 /js/tasks.js.GET took 0ms. User: unknown
03/04/2024 01:31:11 /Admin.GET took 35ms. User: unknown
03/04/2024 01:31:11 /html/html/home.html.GET took 5ms. User: unknown
03/04/2024 01:32:56 /swagger.GET took 10ms. User: unknown
03/04/2024 01:32:56 /swagger/index.html.GET took 89ms. User: unknown
03/04/2024 01:32:56 /swagger/swagger-ui.css.GET took 30ms. User: unknown
03/04/2024 01:32:56 /swagger/swagger-ui-bundle.js.GET took 37ms. User: unknown
03/04/2024 01:32:56 /swagger/favicon-32x32.png.GET took 0ms. User: unknown
03/04/2024 01:33:08 /swagger/index.html.GET took 1ms. User: unknown
03/04/2024 01:33:08 /swagger/v1/swagger.json.GET took 167ms. User: unknown
03/04/2024 01:33:47 /api/login.POST took 13ms. User: unknown
03/04/2024 01:34:08 /api/login.POST took 210ms. User: unknown
03/04/2024 01:48:31 /index.html.GET took 47ms. User: unknown
03/04/2024 01:48:31 /js/login.js.GET took 10ms. User: unknown
03/04/2024 01:48:33 /api/login.POST took 65ms. User: unknown
03/04/2024 01:48:33 /html/home.html.GET took 0ms. User: unknown
03/04/2024 01:48:33 /css/site.css.GET took 0ms. User: unknown
03/04/2024 01:48:33 /js/tasks.js.GET took 0ms. User: unknown
03/04/2024 01:48:33 /api/todo.GET took 21ms. User: unknown
03/04/2024 01:48:33 /html/html/home.html.GET took 2ms. User: unknown
03/04/2024 01:54:28 /index.html.GET took 45ms. User: unknown
03/04/2024 01:54:28 /js/login.js.GET took 22ms. User: unknown
03/04/2024 01:54:30 /index.html.GET took 1ms. User: unknown
03/04/2024 01:54:30 /js/login.js.GET took 0ms. User: unknown
03/04/2024 01:54:30 /index.html.GET took 0ms. User: unknown
03/04/2024 01:54:30 /js/login.js.GET took 0ms. User: unknown
03/04/2024 01:56:28 /api/login.POST took 61ms. User: unknown
03/04/2024 01:56:28 /html/home.html.GET took 0ms. User: unknown
03/04/2024 01:56:28 /css/site.css.GET took 0ms. User: unknown
03/04/2024 01:56:28 /js/tasks.js.GET took 0ms. User: unknown
03/04/2024 01:56:28 /api/todo.GET took 27ms. User: unknown
03/04/2024 01:56:28 /html/html/home.html.GET took 2ms. User: unknown
03/04/2024 01:56:46 /js/login.js.GET took 0ms. User: unknown
03/04/2024 01:56:53 /api/login.POST took 2ms. User: unknown
03/04/2024 01:56:53 /api/todo.GET took 7ms. User: unknown
03/04/2024 01:56:53 /Admin.GET took 1ms. User: unknown
03/04/2024 01:56:53 /html/html/home.html.GET took 1ms. User: unknown
03/04/2024 02:02:25 /index.html.GET took 71ms. User: unknown
03/04/2024 02:02:25 /js/login.js.GET took 5ms. User: unknown
03/04/2024 02:02:31 /index.html.GET took 1ms. User: unknown
03/04/2024 02:02:31 /index.html.GET took 0ms. User: unknown
03/04/2024 02:02:31 /index.html.GET took 0ms. User: unknown
03/04/2024 02:04:33 /index.html.GET took 1ms. User: unknown
03/04/2024 02:04:33 /js/login.js.GET took 0ms. User: unknown
03/04/2024 02:04:33 /index.html.GET took 0ms. User: unknown
03/04/2024 02:04:34 /index.html.GET took 0ms. User: unknown
03/04/2024 02:04:34 /index.html.GET took 0ms. User: unknown
03/04/2024 02:04:35 /index.html.GET took 0ms. User: unknown
03/04/2024 02:04:55 /index.html.GET took 9ms. User: unknown
03/04/2024 02:04:55 /js/login.js.GET took 2ms. User: unknown
03/04/2024 02:04:56 /favicon.ico.GET took 46ms. User: unknown
03/04/2024 02:04:56 /index.html.GET took 3ms. User: unknown
03/04/2024 02:04:56 /js/login.js.GET took 0ms. User: unknown
03/04/2024 02:04:56 /favicon.ico.GET took 1ms. User: unknown
03/04/2024 02:04:56 /index.html.GET took 0ms. User: unknown
03/04/2024 02:04:56 /js/login.js.GET took 1ms. User: unknown
03/04/2024 02:04:57 /favicon.ico.GET took 3ms. User: unknown
03/04/2024 02:04:57 /index.html.GET took 1ms. User: unknown
03/04/2024 02:04:57 /js/login.js.GET took 1ms. User: unknown
03/04/2024 02:04:58 /favicon.ico.GET took 0ms. User: unknown
03/04/2024 02:05:10 /index.html.GET took 2ms. User: unknown
03/04/2024 02:05:10 /js/login.js.GET took 1ms. User: unknown
03/04/2024 02:05:11 /favicon.ico.GET took 0ms. User: unknown
03/04/2024 02:05:11 /index.html.GET took 1ms. User: unknown
03/04/2024 02:05:11 /js/login.js.GET took 4ms. User: unknown
03/04/2024 02:05:12 /index.html.GET took 1ms. User: unknown
03/04/2024 02:05:12 /js/login.js.GET took 0ms. User: unknown
03/04/2024 02:05:12 /index.html.GET took 1ms. User: unknown
03/04/2024 02:05:12 /js/login.js.GET took 0ms. User: unknown
03/04/2024 02:05:12 /favicon.ico.GET took 0ms. User: unknown
03/04/2024 02:05:15 /api/login.POST took 59ms. User: unknown
03/04/2024 02:05:15 /html/home.html.GET took 0ms. User: unknown
03/04/2024 02:05:15 /css/site.css.GET took 0ms. User: unknown
03/04/2024 02:07:30 /html/home.html.GET took 0ms. User: unknown
03/04/2024 02:07:30 /js/tasks.js.GET took 2ms. User: unknown
03/04/2024 02:07:30 /Admin.GET took 11ms. User: unknown
03/04/2024 02:07:30 /html/html/home.html.GET took 0ms. User: unknown
03/04/2024 02:07:41 /api/login.POST took 1ms. User: unknown
03/04/2024 02:07:41 /html/home.html.GET took 0ms. User: unknown
03/04/2024 02:07:41 /js/tasks.js.GET took 0ms. User: unknown
03/04/2024 02:07:41 /Admin.GET took 2ms. User: unknown
03/04/2024 02:07:41 /html/html/home.html.GET took 0ms. User: unknown
03/04/2024 02:07:49 /index.html.GET took 0ms. User: unknown
03/04/2024 02:07:49 /js/login.js.GET took 0ms. User: unknown
03/04/2024 02:07:49 /index.html.GET took 0ms. User: unknown
03/04/2024 02:07:49 /js/login.js.GET took 0ms. User: unknown
03/04/2024 02:07:50 /index.html.GET took 0ms. User: unknown
03/04/2024 02:07:50 /js/login.js.GET took 1ms. User: unknown
03/04/2024 02:07:50 /index.html.GET took 0ms. User: unknown
03/04/2024 02:07:50 /js/login.js.GET took 0ms. User: unknown
03/04/2024 02:07:51 /index.html.GET took 1ms. User: unknown
03/04/2024 02:07:51 /js/login.js.GET took 0ms. User: unknown
03/04/2024 02:07:51 /index.html.GET took 3ms. User: unknown
03/04/2024 02:07:51 /js/login.js.GET took 1ms. User: unknown
03/04/2024 02:07:51 /index.html.GET took 1ms. User: unknown
03/04/2024 02:07:51 /js/login.js.GET took 0ms. User: unknown
03/04/2024 02:07:51 /index.html.GET took 0ms. User: unknown
03/04/2024 02:07:51 /js/login.js.GET took 0ms. User: unknown
03/04/2024 02:07:51 /index.html.GET took 1ms. User: unknown
03/04/2024 02:07:52 /js/login.js.GET took 0ms. User: unknown
03/04/2024 02:07:52 /index.html.GET took 1ms. User: unknown
03/04/2024 02:07:52 /js/login.js.GET took 0ms. User: unknown
03/04/2024 02:07:52 /favicon.ico.GET took 0ms. User: unknown
03/04/2024 02:07:54 /api/login.POST took 0ms. User: unknown
03/04/2024 02:07:54 /html/home.html.GET took 0ms. User: unknown
03/04/2024 02:07:54 /js/tasks.js.GET took 0ms. User: unknown
03/04/2024 02:07:54 /Admin.GET took 0ms. User: unknown
03/04/2024 02:07:54 /api/todo.GET took 0ms. User: unknown
03/04/2024 02:07:54 /html/html/home.html.GET took 0ms. User: unknown
03/04/2024 02:08:06 /index.html.GET took 0ms. User: unknown
03/04/2024 02:08:06 /js/login.js.GET took 0ms. User: unknown
03/04/2024 02:08:07 /index.html.GET took 1ms. User: unknown
03/04/2024 02:08:07 /js/login.js.GET took 0ms. User: unknown
03/04/2024 02:08:07 /index.html.GET took 0ms. User: unknown
03/04/2024 02:08:07 /js/login.js.GET took 0ms. User: unknown
03/04/2024 02:08:07 /index.html.GET took 0ms. User: unknown
03/04/2024 02:08:07 /js/login.js.GET took 0ms. User: unknown
03/04/2024 02:08:07 /index.html.GET took 1ms. User: unknown
03/04/2024 02:08:07 /js/login.js.GET took 0ms. User: unknown
03/04/2024 02:08:08 /favicon.ico.GET took 0ms. User: unknown
03/04/2024 02:08:10 /api/login.POST took 0ms. User: unknown
03/04/2024 02:08:10 /html/home.html.GET took 0ms. User: unknown
03/04/2024 02:08:10 /js/tasks.js.GET took 0ms. User: unknown
03/04/2024 02:08:10 /Admin.GET took 0ms. User: unknown
03/04/2024 02:08:10 /html/html/home.html.GET took 0ms. User: unknown
03/04/2024 02:08:18 /html/html/home.html.GET took 0ms. User: unknown
03/04/2024 02:08:18 /html/html/home.html.GET took 0ms. User: unknown
03/04/2024 02:08:19 /html/html/home.html.GET took 0ms. User: unknown
03/04/2024 02:08:19 /html/html/home.html.GET took 0ms. User: unknown
03/04/2024 02:08:24 /favicon.ico.GET took 1ms. User: unknown
03/04/2024 02:09:19 /index.html.GET took 34ms. User: unknown
03/04/2024 02:09:19 /js/login.js.GET took 4ms. User: unknown
03/04/2024 02:09:23 /api/login.POST took 103ms. User: unknown
03/04/2024 02:09:23 /html/home.html.GET took 0ms. User: unknown
03/04/2024 02:09:23 /js/tasks.js.GET took 0ms. User: unknown
03/04/2024 02:09:23 /Admin.GET took 19ms. User: unknown
03/04/2024 02:09:23 /html/html/home.html.GET took 1ms. User: unknown
03/04/2024 02:09:26 /html/html/home.html.GET took 0ms. User: unknown
03/04/2024 02:09:28 /html/html/home.html.GET took 0ms. User: unknown
03/04/2024 02:09:35 /api/login.POST took 4ms. User: unknown
03/04/2024 02:09:35 /html/home.html.GET took 0ms. User: unknown
03/04/2024 02:09:35 /api/todo.GET took 3ms. User: unknown
03/04/2024 02:09:35 /Admin.GET took 1ms. User: unknown
03/04/2024 02:09:35 /html/html/home.html.GET took 0ms. User: unknown
03/04/2024 02:10:59 /index.html.GET took 38ms. User: unknown
03/04/2024 02:10:59 /js/login.js.GET took 20ms. User: unknown
03/04/2024 02:11:00 /favicon.ico.GET took 39ms. User: unknown
03/04/2024 02:11:07 /api/login.POST took 32ms. User: unknown
03/04/2024 02:11:07 /tasks/home.html.GET took 2ms. User: unknown
03/04/2024 02:11:39 /index.html.GET took 35ms. User: unknown
03/04/2024 02:11:39 /js/login.js.GET took 23ms. User: unknown
03/04/2024 02:11:45 /index.html.GET took 2ms. User: unknown
03/04/2024 02:11:45 /js/login.js.GET took 1ms. User: unknown
03/04/2024 02:11:45 /favicon.ico.GET took 40ms. User: unknown
03/04/2024 02:11:45 /index.html.GET took 0ms. User: unknown
03/04/2024 02:11:45 /js/login.js.GET took 1ms. User: unknown
03/04/2024 02:11:45 /index.html.GET took 1ms. User: unknown
03/04/2024 02:11:45 /js/login.js.GET took 1ms. User: unknown
03/04/2024 02:11:45 /index.html.GET took 1ms. User: unknown
03/04/2024 02:11:45 /js/login.js.GET took 1ms. User: unknown
03/04/2024 02:11:46 /index.html.GET took 2ms. User: unknown
03/04/2024 02:11:46 /js/login.js.GET took 0ms. User: unknown
03/04/2024 02:11:46 /favicon.ico.GET took 1ms. User: unknown
03/04/2024 02:11:49 /api/login.POST took 34ms. User: unknown
03/04/2024 02:11:49 /html/tasks.html.GET took 0ms. User: unknown
03/04/2024 02:11:49 /css/site.css.GET took 0ms. User: unknown
03/04/2024 02:11:49 /js/tasks.js.GET took 0ms. User: unknown
03/04/2024 02:11:49 /Admin.GET took 23ms. User: unknown
03/04/2024 02:11:49 /html/html/home.html.GET took 0ms. User: unknown
03/04/2024 02:12:00 /index.html.GET took 1ms. User: unknown
03/04/2024 02:12:00 /js/login.js.GET took 0ms. User: unknown
03/04/2024 02:12:01 /index.html.GET took 0ms. User: unknown
03/04/2024 02:12:01 /js/login.js.GET took 1ms. User: unknown
03/04/2024 02:12:01 /index.html.GET took 0ms. User: unknown
03/04/2024 02:12:01 /js/login.js.GET took 0ms. User: unknown
03/04/2024 02:12:01 /index.html.GET took 1ms. User: unknown
03/04/2024 02:12:01 /js/login.js.GET took 1ms. User: unknown
03/04/2024 02:12:01 /index.html.GET took 1ms. User: unknown
03/04/2024 02:12:01 /js/login.js.GET took 0ms. User: unknown
03/04/2024 02:12:01 /index.html.GET took 1ms. User: unknown
03/04/2024 02:12:01 /js/login.js.GET took 0ms. User: unknown
03/04/2024 02:12:02 /index.html.GET took 0ms. User: unknown
03/04/2024 02:12:02 /js/login.js.GET took 0ms. User: unknown
03/04/2024 02:12:02 /index.html.GET took 1ms. User: unknown
03/04/2024 02:12:02 /js/login.js.GET took 0ms. User: unknown
03/04/2024 02:12:02 /index.html.GET took 1ms. User: unknown
03/04/2024 02:12:02 /js/login.js.GET took 0ms. User: unknown
03/04/2024 02:12:02 /index.html.GET took 1ms. User: unknown
03/04/2024 02:12:02 /js/login.js.GET took 0ms. User: unknown
03/04/2024 02:12:02 /index.html.GET took 0ms. User: unknown
03/04/2024 02:12:02 /js/login.js.GET took 0ms. User: unknown
03/04/2024 02:12:03 /index.html.GET took 0ms. User: unknown
03/04/2024 02:12:03 /js/login.js.GET took 0ms. User: unknown
03/04/2024 02:12:03 /index.html.GET took 0ms. User: unknown
03/04/2024 02:12:03 /js/login.js.GET took 0ms. User: unknown
03/04/2024 02:12:03 /index.html.GET took 0ms. User: unknown
03/04/2024 02:12:03 /js/login.js.GET took 0ms. User: unknown
03/04/2024 02:12:03 /index.html.GET took 1ms. User: unknown
03/04/2024 02:12:03 /js/login.js.GET took 0ms. User: unknown
03/04/2024 02:12:03 /index.html.GET took 1ms. User: unknown
03/04/2024 02:12:03 /js/login.js.GET took 0ms. User: unknown
03/04/2024 02:12:03 /index.html.GET took 0ms. User: unknown
03/04/2024 02:12:03 /js/login.js.GET took 0ms. User: unknown
03/04/2024 02:12:04 /index.html.GET took 1ms. User: unknown
03/04/2024 02:12:04 /js/login.js.GET took 0ms. User: unknown
03/04/2024 02:12:04 /index.html.GET took 1ms. User: unknown
03/04/2024 02:12:04 /js/login.js.GET took 0ms. User: unknown
03/04/2024 02:12:04 /index.html.GET took 0ms. User: unknown
03/04/2024 02:12:04 /js/login.js.GET took 0ms. User: unknown
03/04/2024 02:12:04 /index.html.GET took 0ms. User: unknown
03/04/2024 02:12:04 /js/login.js.GET took 0ms. User: unknown
03/04/2024 02:12:04 /index.html.GET took 0ms. User: unknown
03/04/2024 02:12:04 /js/login.js.GET took 0ms. User: unknown
03/04/2024 02:12:05 /index.html.GET took 0ms. User: unknown
03/04/2024 02:12:05 /js/login.js.GET took 0ms. User: unknown
03/04/2024 02:12:05 /index.html.GET took 0ms. User: unknown
03/04/2024 02:12:05 /js/login.js.GET took 0ms. User: unknown
03/04/2024 02:12:05 /index.html.GET took 0ms. User: unknown
03/04/2024 02:12:05 /js/login.js.GET took 0ms. User: unknown
03/04/2024 02:12:05 /favicon.ico.GET took 0ms. User: unknown
03/04/2024 02:12:06 /index.html.GET took 1ms. User: unknown
03/04/2024 02:12:06 /js/login.js.GET took 0ms. User: unknown
03/04/2024 02:12:06 /index.html.GET took 0ms. User: unknown
03/04/2024 02:12:06 /js/login.js.GET took 0ms. User: unknown
03/04/2024 02:12:06 /index.html.GET took 0ms. User: unknown
03/04/2024 02:12:06 /js/login.js.GET took 0ms. User: unknown
03/04/2024 02:12:07 /index.html.GET took 1ms. User: unknown
03/04/2024 02:12:07 /js/login.js.GET took 0ms. User: unknown
03/04/2024 02:12:07 /favicon.ico.GET took 0ms. User: unknown
03/04/2024 02:12:09 /api/login.POST took 1ms. User: unknown
03/04/2024 02:12:09 /api/todo.GET took 4ms. User: unknown
03/04/2024 02:12:09 /Admin.GET took 0ms. User: unknown
03/04/2024 02:12:09 /html/html/home.html.GET took 1ms. User: unknown
03/04/2024 02:13:33 /index.html.GET took 60ms. User: unknown
03/04/2024 02:13:33 /js/login.js.GET took 3ms. User: unknown
03/04/2024 02:13:34 /favicon.ico.GET took 34ms. User: unknown
03/04/2024 02:13:49 /api/login.POST took 44ms. User: unknown
03/04/2024 02:13:49 /html/tasks.html.GET took 4ms. User: unknown
03/04/2024 02:13:49 /js/tasks.js.GET took 0ms. User: unknown
03/04/2024 02:13:49 /api/todo.GET took 20ms. User: unknown
03/04/2024 02:13:49 /Admin.GET took 1ms. User: unknown
03/04/2024 02:13:49 /html/html/home.html.GET took 0ms. User: unknown
03/04/2024 02:14:02 /index.html.GET took 1ms. User: unknown
03/04/2024 02:14:02 /js/login.js.GET took 0ms. User: unknown
03/04/2024 02:14:03 /favicon.ico.GET took 0ms. User: unknown
03/04/2024 02:14:13 /api/login.POST took 1ms. User: unknown
03/04/2024 02:14:13 /api/todo.GET took 1ms. User: unknown
03/04/2024 02:14:13 /Admin.GET took 0ms. User: unknown
03/04/2024 02:14:13 /html/html/home.html.GET took 0ms. User: unknown
03/04/2024 02:14:17 /api/login.POST took 0ms. User: unknown
03/04/2024 02:14:17 /api/todo.GET took 0ms. User: unknown
03/04/2024 02:14:17 /Admin.GET took 0ms. User: unknown
03/04/2024 02:14:17 /html/html/home.html.GET took 0ms. User: unknown
03/04/2024 02:14:19 /html/html/home.html.GET took 0ms. User: unknown
03/04/2024 02:14:20 /html/html/home.html.GET took 0ms. User: unknown
03/04/2024 02:14:20 /html/html/home.html.GET took 0ms. User: unknown
03/04/2024 02:14:20 /html/html/home.html.GET took 0ms. User: unknown
03/04/2024 02:14:21 /html/html/home.html.GET took 0ms. User: unknown
03/04/2024 02:14:21 /html/html/home.html.GET took 0ms. User: unknown
03/04/2024 02:14:22 /html/html/home.html.GET took 0ms. User: unknown
03/04/2024 02:14:33 /api/login.POST took 0ms. User: unknown
03/04/2024 02:14:33 /html/tasks.html.GET took 5ms. User: unknown
03/04/2024 02:14:33 /Admin.GET took 0ms. User: unknown
03/04/2024 02:14:33 /html/html/home.html.GET took 0ms. User: unknown
03/04/2024 02:15:41 /js/login.js.GET took 65ms. User: unknown
03/04/2024 02:15:41 /favicon.ico.GET took 37ms. User: unknown
03/04/2024 02:15:43 /api/login.POST took 47ms. User: unknown
03/04/2024 02:15:43 /html/tasks.html.GET took 0ms. User: unknown
03/04/2024 02:15:43 /js/tasks.js.GET took 0ms. User: unknown
03/04/2024 02:15:43 /Admin.GET took 29ms. User: unknown
03/04/2024 02:15:43 /html/html/home.html.GET took 0ms. User: unknown
03/04/2024 02:15:51 /index.html.GET took 16ms. User: unknown
03/04/2024 02:15:51 /js/login.js.GET took 0ms. User: unknown
03/04/2024 02:15:51 /index.html.GET took 0ms. User: unknown
03/04/2024 02:15:52 /js/login.js.GET took 1ms. User: unknown
03/04/2024 02:15:52 /favicon.ico.GET took 0ms. User: unknown
03/04/2024 02:15:53 /index.html.GET took 1ms. User: unknown
03/04/2024 02:15:53 /js/login.js.GET took 0ms. User: unknown
03/04/2024 02:15:53 /favicon.ico.GET took 0ms. User: unknown
03/04/2024 02:15:54 /index.html.GET took 1ms. User: unknown
03/04/2024 02:15:54 /js/login.js.GET took 0ms. User: unknown
03/04/2024 02:15:54 /favicon.ico.GET took 0ms. User: unknown
03/04/2024 08:26:48 /index.html.GET took 369ms. User: unknown
03/04/2024 08:26:48 /js/login.js.GET took 1ms. User: unknown
03/04/2024 08:26:48 /css/index.css.GET took 20ms. User: unknown
03/04/2024 08:26:49 /favicon.ico.GET took 110ms. User: unknown
03/04/2024 08:27:09 /index.html.GET took 1ms. User: unknown
03/04/2024 08:27:09 /css/index.css.GET took 0ms. User: unknown
03/04/2024 08:27:19 /api/login.POST took 106ms. User: unknown
03/04/2024 08:27:19 /html/tasks.html.GET took 0ms. User: unknown
03/04/2024 08:27:19 /css/site.css.GET took 2ms. User: unknown
03/04/2024 08:28:14 /html/tasks.html.GET took 0ms. User: unknown
03/04/2024 08:28:14 /css/index.css.GET took 0ms. User: unknown
03/04/2024 08:28:14 /js/tasks.js.GET took 67ms. User: unknown
03/04/2024 08:28:14 /api/todo.GET took 14ms. User: unknown
03/04/2024 08:28:14 /html/html/home.html.GET took 0ms. User: unknown
03/04/2024 08:28:19 /index.html.GET took 1ms. User: unknown
03/04/2024 08:28:19 /css/site.css.GET took 0ms. User: unknown
03/04/2024 08:28:22 /index.html.GET took 1ms. User: unknown
03/04/2024 08:28:26 /index.html.GET took 2ms. User: unknown
03/04/2024 08:28:26 /css/site.css.GET took 0ms. User: unknown
03/04/2024 08:28:26 /js/login.js.GET took 5ms. User: unknown
03/04/2024 08:28:26 /favicon.ico.GET took 0ms. User: unknown
03/04/2024 08:28:28 /api/login.POST took 2ms. User: unknown
03/04/2024 08:28:28 /html/tasks.html.GET took 0ms. User: unknown
03/04/2024 08:28:28 /api/todo.GET took 6ms. User: unknown
03/04/2024 08:28:28 /html/html/home.html.GET took 0ms. User: unknown
03/04/2024 08:28:32 /html/html/home.html.GET took 0ms. User: unknown
03/04/2024 08:28:36 /index.html.GET took 2ms. User: unknown
03/04/2024 08:28:36 /css/site.css.GET took 0ms. User: unknown
03/04/2024 08:28:36 /js/login.js.GET took 0ms. User: unknown
03/04/2024 08:28:36 /index.html.GET took 2ms. User: unknown
03/04/2024 08:28:36 /js/login.js.GET took 0ms. User: unknown
03/04/2024 08:28:36 /index.html.GET took 1ms. User: unknown
03/04/2024 08:28:36 /js/login.js.GET took 0ms. User: unknown
03/04/2024 08:28:36 /index.html.GET took 2ms. User: unknown
03/04/2024 08:28:36 /css/site.css.GET took 1ms. User: unknown
03/04/2024 08:28:36 /js/login.js.GET took 1ms. User: unknown
03/04/2024 08:28:36 /index.html.GET took 1ms. User: unknown
03/04/2024 08:28:36 /css/site.css.GET took 1ms. User: unknown
03/04/2024 08:28:36 /js/login.js.GET took 1ms. User: unknown
03/04/2024 08:28:37 /favicon.ico.GET took 0ms. User: unknown
03/04/2024 08:28:41 /api/login.POST took 0ms. User: unknown
03/04/2024 08:28:42 /html/tasks.html.GET took 0ms. User: unknown
03/04/2024 08:28:42 /css/index.css.GET took 0ms. User: unknown
03/04/2024 08:28:42 /Admin.GET took 0ms. User: unknown
03/04/2024 08:28:42 /html/html/home.html.GET took 0ms. User: unknown
03/04/2024 08:29:44 /index.html.GET took 64ms. User: unknown
03/04/2024 08:29:44 /css/site.css.GET took 1ms. User: unknown
03/04/2024 08:29:47 /api/login.POST took 69ms. User: unknown
03/04/2024 08:29:47 /html/tasks.html.GET took 0ms. User: unknown
03/04/2024 08:29:47 /css/index.css.GET took 0ms. User: unknown
03/04/2024 08:29:47 /api/todo.GET took 13ms. User: unknown
03/04/2024 08:29:48 /html/html/home.html.GET took 7ms. User: unknown
03/04/2024 08:30:36 /index.html.GET took 78ms. User: unknown
03/04/2024 08:30:36 /css/index.css.GET took 0ms. User: unknown
03/04/2024 08:30:45 /api/login.POST took 183ms. User: unknown
03/04/2024 08:30:45 /html/tasks.html.GET took 2ms. User: unknown
03/04/2024 08:30:45 /css/site.css.GET took 0ms. User: unknown
03/04/2024 08:30:45 /Admin.GET took 31ms. User: unknown
03/04/2024 08:30:45 /html/html/home.html.GET took 4ms. User: unknown
03/04/2024 08:35:30 /index.html.GET took 138ms. User: unknown
03/04/2024 08:35:30 /css/index.css.GET took 1ms. User: unknown
03/04/2024 08:35:36 /index.html.GET took 5ms. User: unknown
03/04/2024 08:35:36 /css/index.css.GET took 8ms. User: unknown
03/04/2024 08:35:37 /favicon.ico.GET took 38ms. User: unknown
03/04/2024 08:35:37 /index.html.GET took 2ms. User: unknown
03/04/2024 08:35:37 /css/index.css.GET took 1ms. User: unknown
03/04/2024 08:35:37 /js/login.js.GET took 1ms. User: unknown
03/04/2024 08:35:38 /index.html.GET took 0ms. User: unknown
03/04/2024 08:35:38 /css/index.css.GET took 1ms. User: unknown
03/04/2024 08:35:38 /js/login.js.GET took 0ms. User: unknown
03/04/2024 08:35:38 /index.html.GET took 2ms. User: unknown
03/04/2024 08:35:38 /css/index.css.GET took 1ms. User: unknown
03/04/2024 08:35:38 /js/login.js.GET took 0ms. User: unknown
03/04/2024 08:35:38 /index.html.GET took 1ms. User: unknown
03/04/2024 08:35:38 /css/index.css.GET took 0ms. User: unknown
03/04/2024 08:35:38 /js/login.js.GET took 0ms. User: unknown
03/04/2024 08:35:38 /index.html.GET took 1ms. User: unknown
03/04/2024 08:35:38 /css/index.css.GET took 0ms. User: unknown
03/04/2024 08:35:38 /js/login.js.GET took 0ms. User: unknown
03/04/2024 08:35:38 /index.html.GET took 0ms. User: unknown
03/04/2024 08:35:38 /css/index.css.GET took 0ms. User: unknown
03/04/2024 08:35:38 /js/login.js.GET took 0ms. User: unknown
03/04/2024 08:35:39 /index.html.GET took 1ms. User: unknown
03/04/2024 08:35:39 /css/index.css.GET took 0ms. User: unknown
03/04/2024 08:35:39 /favicon.ico.GET took 1ms. User: unknown
03/04/2024 08:35:39 /index.html.GET took 1ms. User: unknown
03/04/2024 08:35:39 /css/index.css.GET took 0ms. User: unknown
03/04/2024 08:35:39 /js/login.js.GET took 0ms. User: unknown
03/04/2024 08:35:40 /favicon.ico.GET took 3ms. User: unknown
03/04/2024 08:35:41 /index.html.GET took 0ms. User: unknown
03/04/2024 08:35:41 /index.html.GET took 0ms. User: unknown
03/04/2024 08:35:42 /index.html.GET took 1ms. User: unknown
03/04/2024 08:35:46 /api/login.POST took 47ms. User: unknown
03/04/2024 08:35:46 /html/tasks.html.GET took 0ms. User: unknown
03/04/2024 08:35:46 /css/site.css.GET took 16ms. User: unknown
03/04/2024 08:35:46 /Admin.GET took 14ms. User: unknown
03/04/2024 08:35:46 /html/html/home.html.GET took 0ms. User: unknown
03/04/2024 08:35:51 /api/login.POST took 2ms. User: unknown
03/04/2024 08:35:51 /css/site.css.GET took 0ms. User: unknown
03/04/2024 08:35:51 /api/todo.GET took 4ms. User: unknown
03/04/2024 08:35:51 /html/html/home.html.GET took 0ms. User: unknown
03/04/2024 08:40:31 /index.html.GET took 37ms. User: unknown
03/04/2024 08:40:31 /css/index.css.GET took 12ms. User: unknown
03/04/2024 08:40:34 /index.html.GET took 2ms. User: unknown
03/04/2024 08:40:34 /css/index.css.GET took 0ms. User: unknown
03/04/2024 08:40:35 /index.html.GET took 1ms. User: unknown
03/04/2024 08:40:35 /index.html.GET took 1ms. User: unknown
03/04/2024 08:40:35 /css/index.css.GET took 0ms. User: unknown
03/04/2024 08:40:46 /css/index.css.GET took 0ms. User: unknown
03/04/2024 08:42:26 /index.html.GET took 1ms. User: unknown
03/04/2024 08:42:26 /css/index.css.GET took 13ms. User: unknown
03/04/2024 08:42:29 /index.html.GET took 0ms. User: unknown
03/04/2024 08:42:29 /css/index.css.GET took 0ms. User: unknown
03/04/2024 08:44:24 /index.html.GET took 0ms. User: unknown
03/04/2024 08:44:24 /css/index.css.GET took 14ms. User: unknown
03/04/2024 08:44:26 /index.html.GET took 0ms. User: unknown
03/04/2024 08:44:26 /css/index.css.GET took 0ms. User: unknown
03/04/2024 08:44:27 /index.html.GET took 1ms. User: unknown
03/04/2024 08:44:27 /css/index.css.GET took 0ms. User: unknown
03/04/2024 08:45:08 /index.html.GET took 0ms. User: unknown
03/04/2024 08:45:09 /css/index.css.GET took 18ms. User: unknown
03/04/2024 08:45:33 /index.html.GET took 2ms. User: unknown
03/04/2024 08:45:33 /css/index.css.GET took 14ms. User: unknown
03/04/2024 08:47:42 /index.html.GET took 0ms. User: unknown
03/04/2024 08:47:42 /css/index.css.GET took 17ms. User: unknown
03/04/2024 08:49:36 /index.html.GET took 2ms. User: unknown
03/04/2024 08:49:36 /css/index.css.GET took 15ms. User: unknown
03/04/2024 08:49:38 /index.html.GET took 0ms. User: unknown
03/04/2024 08:49:38 /css/index.css.GET took 0ms. User: unknown
03/04/2024 08:49:39 /index.html.GET took 1ms. User: unknown
03/04/2024 08:49:39 /css/index.css.GET took 0ms. User: unknown
03/04/2024 08:49:56 /css/index.css.GET took 60ms. User: unknown
03/04/2024 08:53:00 /index.html.GET took 46ms. User: unknown
03/04/2024 08:53:00 /css/index.css.GET took 16ms. User: unknown
03/04/2024 08:53:01 /index.html.GET took 1ms. User: unknown
03/04/2024 08:53:01 /css/index.css.GET took 0ms. User: unknown
03/04/2024 08:53:01 /index.html.GET took 1ms. User: unknown
03/04/2024 08:53:02 /index.html.GET took 1ms. User: unknown
03/04/2024 08:53:02 /css/index.css.GET took 0ms. User: unknown
03/04/2024 08:53:02 /index.html.GET took 1ms. User: unknown
03/04/2024 08:53:02 /css/index.css.GET took 0ms. User: unknown
03/04/2024 08:53:07 /css/index.css.GET took 0ms. User: unknown
03/04/2024 08:55:55 /index.html.GET took 1ms. User: unknown
03/04/2024 08:55:55 /css/index.css.GET took 14ms. User: unknown
03/04/2024 08:58:13 /index.html.GET took 51ms. User: unknown
03/04/2024 08:58:13 /css/index.css.GET took 7ms. User: unknown
03/04/2024 08:58:16 /index.html.GET took 1ms. User: unknown
03/04/2024 08:58:17 /index.html.GET took 1ms. User: unknown
03/04/2024 08:59:31 /index.html.GET took 0ms. User: unknown
03/04/2024 08:59:31 /css/index.css.GET took 14ms. User: unknown
03/04/2024 09:00:25 /index.html.GET took 0ms. User: unknown
03/04/2024 09:00:25 /css/index.css.GET took 13ms. User: unknown
03/04/2024 09:00:34 /api/login.POST took 186ms. User: unknown
03/04/2024 09:00:34 /html/tasks.html.GET took 0ms. User: unknown
03/04/2024 09:00:34 /css/site.css.GET took 0ms. User: unknown
03/04/2024 09:00:34 /Admin.GET took 35ms. User: unknown
03/04/2024 09:00:34 /html/html/home.html.GET took 2ms. User: unknown
03/04/2024 09:00:37 /css/index.css.GET took 0ms. User: unknown
03/04/2024 09:00:46 /index.html.GET took 1ms. User: unknown
03/04/2024 09:00:46 /css/index.css.GET took 0ms. User: unknown
